c:\users\h8940\documents\github\sysinternal\debug\sysinternal.bsc
c:\users\h8940\documents\github\sysinternal\debug\vc143.pdb
c:\users\h8940\documents\github\sysinternal\debug\vc143.idb
c:\users\h8940\documents\github\sysinternal\debug\sys43vm.sbr
c:\users\h8940\documents\github\sysinternal\debug\data.sbr
c:\users\h8940\documents\github\sysinternal\debug\imgui.sbr
c:\users\h8940\documents\github\sysinternal\debug\imgui_demo.sbr
c:\users\h8940\documents\github\sysinternal\debug\imgui_draw.sbr
c:\users\h8940\documents\github\sysinternal\debug\imgui_impl_dx11.sbr
c:\users\h8940\documents\github\sysinternal\debug\imgui_impl_win32.sbr
c:\users\h8940\documents\github\sysinternal\debug\imgui_tables.sbr
c:\users\h8940\documents\github\sysinternal\debug\imgui_widgets.sbr
c:\users\h8940\documents\github\sysinternal\debug\interface.sbr
c:\users\h8940\documents\github\sysinternal\debug\pattern.sbr
c:\users\h8940\documents\github\sysinternal\debug\main.sbr
c:\users\h8940\documents\github\sysinternal\debug\system4editor.sbr
c:\users\h8940\documents\github\sysinternal\debug\ui.sbr
c:\users\h8940\documents\github\sysinternal\debug\ui.obj
c:\users\h8940\documents\github\sysinternal\debug\system4editor.obj
c:\users\h8940\documents\github\sysinternal\debug\main.obj
c:\users\h8940\documents\github\sysinternal\debug\pattern.obj
c:\users\h8940\documents\github\sysinternal\debug\interface.obj
c:\users\h8940\documents\github\sysinternal\debug\imgui_widgets.obj
c:\users\h8940\documents\github\sysinternal\debug\imgui_tables.obj
c:\users\h8940\documents\github\sysinternal\debug\imgui_impl_win32.obj
c:\users\h8940\documents\github\sysinternal\debug\imgui_impl_dx11.obj
c:\users\h8940\documents\github\sysinternal\debug\imgui_draw.obj
c:\users\h8940\documents\github\sysinternal\debug\imgui_demo.obj
c:\users\h8940\documents\github\sysinternal\debug\imgui.obj
c:\users\h8940\documents\github\sysinternal\debug\data.obj
c:\users\h8940\documents\github\sysinternal\debug\sys43vm.obj
c:\users\h8940\documents\github\sysinternal\debug\sysinternal.ilk
c:\users\h8940\documents\github\sysinternal\debug\sysinternal.exe
c:\users\h8940\documents\github\sysinternal\debug\sysinternal.pdb
c:\users\h8940\documents\github\sysinternal\debug\sysinternal.tlog\bscmake.command.1.tlog
c:\users\h8940\documents\github\sysinternal\debug\sysinternal.tlog\bscmake.read.1.tlog
c:\users\h8940\documents\github\sysinternal\debug\sysinternal.tlog\bscmake.write.1.tlog
c:\users\h8940\documents\github\sysinternal\debug\sysinternal.tlog\cl.command.1.tlog
c:\users\h8940\documents\github\sysinternal\debug\sysinternal.tlog\cl.read.1.tlog
c:\users\h8940\documents\github\sysinternal\debug\sysinternal.tlog\cl.write.1.tlog
c:\users\h8940\documents\github\sysinternal\debug\sysinternal.tlog\link.command.1.tlog
c:\users\h8940\documents\github\sysinternal\debug\sysinternal.tlog\link.read.1.tlog
c:\users\h8940\documents\github\sysinternal\debug\sysinternal.tlog\link.write.1.tlog
