c:\users\h8940\documents\github\sysinternal\release\vc143.pdb
c:\users\h8940\documents\github\sysinternal\release\process.obj
c:\users\h8940\documents\github\sysinternal\release\imgui_widgets.obj
c:\users\h8940\documents\github\sysinternal\release\imgui_tables.obj
c:\users\h8940\documents\github\sysinternal\release\imgui_impl_win32.obj
c:\users\h8940\documents\github\sysinternal\release\imgui_impl_dx11.obj
c:\users\h8940\documents\github\sysinternal\release\imgui_draw.obj
c:\users\h8940\documents\github\sysinternal\release\imgui_demo.obj
c:\users\h8940\documents\github\sysinternal\release\imgui.obj
c:\users\h8940\documents\github\sysinternal\release\main.obj
c:\users\h8940\documents\github\sysinternal\release\ui.obj
c:\users\h8940\documents\github\sysinternal\release\system4editor.obj
c:\users\h8940\documents\github\sysinternal\release\system4vm.obj
c:\users\h8940\documents\github\sysinternal\release\interface.obj
c:\users\h8940\documents\github\sysinternal\release\pattern.obj
c:\users\h8940\documents\github\sysinternal\release\data.obj
c:\users\h8940\documents\github\sysinternal\release\sysinternal.ipdb
c:\users\h8940\documents\github\sysinternal\release\sysinternal.iobj
c:\users\h8940\documents\github\sysinternal\release\sysinternal.dll
c:\users\h8940\documents\github\sysinternal\release\sysinternal.pdb
c:\users\h8940\documents\github\sysinternal\release\sysinternal.tlog\cl.command.1.tlog
c:\users\h8940\documents\github\sysinternal\release\sysinternal.tlog\cl.read.1.tlog
c:\users\h8940\documents\github\sysinternal\release\sysinternal.tlog\cl.write.1.tlog
c:\users\h8940\documents\github\sysinternal\release\sysinternal.tlog\link.command.1.tlog
c:\users\h8940\documents\github\sysinternal\release\sysinternal.tlog\link.read.1.tlog
c:\users\h8940\documents\github\sysinternal\release\sysinternal.tlog\link.write.1.tlog
c:\users\h8940\documents\github\sysinternal\release\sysinternal.tlog\link.write.2u.tlog
